--- npm install output ---
npm error code EUSAGE
npm error
npm error `npm ci` can only install packages when your package.json and package-lock.json or npm-shrinkwrap.json are in sync. Please update your lock file with `npm install` before continuing.
npm error
npm error Invalid: lock file's axios@0.21.4 does not satisfy axios@1.11.0
npm error Missing: isomorphic-unfetch@3.1.0 from lock file
npm error Missing: form-data@4.0.4 from lock file
npm error Missing: proxy-from-env@1.1.0 from lock file
npm error Missing: asynckit@0.4.0 from lock file
npm error Missing: combined-stream@1.0.8 from lock file
npm error Missing: mime-types@2.1.35 from lock file
npm error Missing: delayed-stream@1.0.0 from lock file
npm error Missing: unfetch@4.2.0 from lock file
npm error Missing: mime-db@1.52.0 from lock file
npm error
npm error Clean install a project
npm error
npm error Usage:
npm error npm ci
npm error
npm error Options:
npm error [--install-strategy <hoisted|nested|shallow|linked>] [--legacy-bundling]
npm error [--global-style] [--omit <dev|optional|peer> [--omit <dev|optional|peer> ...]]
npm error [--include <prod|dev|optional|peer> [--include <prod|dev|optional|peer> ...]]
npm error [--strict-peer-deps] [--foreground-scripts] [--ignore-scripts] [--no-audit]
npm error [--no-bin-links] [--no-fund] [--dry-run]
npm error [-w|--workspace <workspace-name> [-w|--workspace <workspace-name> ...]]
npm error [-ws|--workspaces] [--include-workspace-root] [--install-links]
npm error
npm error aliases: clean-install, ic, install-clean, isntall-clean
npm error
npm error Run "npm help ci" for more info
npm error A complete log of this run can be found in: /home/runner/.npm/_logs/2025-08-09T07_05_48_017Z-debug-0.log

-- fallback npm i --

added 296 packages, and audited 297 packages in 3s

49 packages are looking for funding
  run `npm fund` for details

8 vulnerabilities (2 moderate, 2 high, 4 critical)

To address all issues (including breaking changes), run:
  npm audit fix --force

Run `npm audit` for details.

--- npm run build output ---

> build
> next build

info  - Using webpack 5. Reason: no custom webpack configuration in next.config.js https://nextjs.org/docs/messages/webpack5
warn  - No build cache found. Please configure build caching for faster rebuilds. Read more: https://nextjs.org/docs/messages/no-cache
Attention: Next.js now collects completely anonymous telemetry regarding usage.
This information is used to shape Next.js' roadmap and prioritize features.
You can learn more, including how to opt-out if you'd not like to participate in this anonymous program, by visiting the following URL:
https://nextjs.org/telemetry

info  - Checking validity of types...
info  - Creating an optimized production build...
node:internal/crypto/hash:79
  this[kHandle] = new _Hash(algorithm, xofLen, algorithmId, getHashCache());
                  ^

Error: error:0308010C:digital envelope routines::unsupported
    at new Hash (node:internal/crypto/hash:79:19)
    at Object.createHash (node:crypto:139:10)
    at BulkUpdateDecorator.hashFactory (/home/runner/work/Automation-test/Automation-test/target/node_modules/next/dist/compiled/webpack/bundle5.js:133790:18)
    at BulkUpdateDecorator.update (/home/runner/work/Automation-test/Automation-test/target/node_modules/next/dist/compiled/webpack/bundle5.js:133692:50)
    at /home/runner/work/Automation-test/Automation-test/target/node_modules/next/dist/compiled/webpack/bundle5.js:56905:9
    at processTicksAndRejections (node:internal/process/task_queues:82:21)
    at runNextTicks (node:internal/process/task_queues:64:3)
    at process.processImmediate (node:internal/timers:454:9) {
  opensslErrorStack: [
    'error:03000086:digital envelope routines::initialization error',
    'error:0308010C:digital envelope routines::unsupported'
  ],
  library: 'digital envelope routines',
  reason: 'unsupported',
  code: 'ERR_OSSL_EVP_UNSUPPORTED'
}

Node.js v20.19.4
