[
{"type":"stdout","created":1754724933798,"payload":{"deploymentId":"dpl_cx7Lpv5QiH23MaA12TXDwM3pHdW8","info":{"type":"build","name":"bld_k3mnsol1n","entrypoint":"."},"text":"Running build in Washington, D.C., USA (East) – iad1","id":"1754724933798797256830500000","date":1754724933798,"serial":"1754724933798797256830500000"}}
,
{"type":"stdout","created":1754724933798,"payload":{"deploymentId":"dpl_cx7Lpv5QiH23MaA12TXDwM3pHdW8","info":{"type":"build","name":"bld_k3mnsol1n","entrypoint":"."},"text":"Build machine configuration: 2 cores, 8 GB","id":"1754724933798797256830500001","date":1754724933798,"serial":"1754724933798797256830500001"}}
,
{"type":"stdout","created":1754724933815,"payload":{"deploymentId":"dpl_cx7Lpv5QiH23MaA12TXDwM3pHdW8","info":{"type":"build","name":"bld_k3mnsol1n","entrypoint":"."},"text":"Cloning github.com/basstian-ai/simple-pim-1754492683911 (Branch: main, Commit: 6420a60)","id":"1754724933815797256830500000","date":1754724933815,"serial":"1754724933815797256830500000"}}
,
{"type":"stdout","created":1754724934085,"payload":{"deploymentId":"dpl_cx7Lpv5QiH23MaA12TXDwM3pHdW8","info":{"type":"build","name":"bld_k3mnsol1n","entrypoint":"."},"text":"Cloning completed: 270.000ms","id":"1754724934085797256830500000","date":1754724934085,"serial":"1754724934085797256830500000"}}
,
{"type":"stdout","created":1754724934257,"payload":{"deploymentId":"dpl_cx7Lpv5QiH23MaA12TXDwM3pHdW8","info":{"type":"build","name":"bld_k3mnsol1n","entrypoint":"."},"text":"Restored build cache from previous deployment (HiHfSEVoaLXazfYd9knYS5NnJbea)","id":"1754724934257797256830500000","date":1754724934257,"serial":"1754724934257797256830500000"}}
,
{"type":"stdout","created":1754724937745,"payload":{"deploymentId":"dpl_cx7Lpv5QiH23MaA12TXDwM3pHdW8","info":{"type":"build","name":"bld_k3mnsol1n","entrypoint":"."},"text":"Running \"vercel build\"","id":"1754724937745710863664400001","date":1754724937745,"serial":"1754724937745710863664400001"}}
,
{"type":"stderr","created":1754724938208,"payload":{"deploymentId":"dpl_cx7Lpv5QiH23MaA12TXDwM3pHdW8","info":{"type":"build","name":"bld_k3mnsol1n","entrypoint":"."},"text":"Vercel CLI 44.7.3","id":"1754724938208710863664400000","date":1754724938208,"serial":"1754724938208710863664400000"}}
,
{"type":"stdout","created":1754724938517,"payload":{"deploymentId":"dpl_cx7Lpv5QiH23MaA12TXDwM3pHdW8","info":{"type":"build","name":"bld_k3mnsol1n","entrypoint":"."},"text":"Running \"install\" command: `npm install`...","id":"1754724938517710863664400000","date":1754724938517,"serial":"1754724938517710863664400000"}}
,
{"type":"stdout","created":1754724942701,"payload":{"deploymentId":"dpl_cx7Lpv5QiH23MaA12TXDwM3pHdW8","info":{"type":"build","name":"bld_k3mnsol1n","entrypoint":"."},"text":"","id":"1754724942701710863664400000","date":1754724942701,"serial":"1754724942701710863664400000"}}
,
{"type":"stdout","created":1754724942702,"payload":{"deploymentId":"dpl_cx7Lpv5QiH23MaA12TXDwM3pHdW8","info":{"type":"build","name":"bld_k3mnsol1n","entrypoint":"."},"text":"up to date, audited 297 packages in 3s","id":"1754724942702710863664400000","date":1754724942702,"serial":"1754724942702710863664400000"}}
,
{"type":"stdout","created":1754724942703,"payload":{"deploymentId":"dpl_cx7Lpv5QiH23MaA12TXDwM3pHdW8","info":{"type":"build","name":"bld_k3mnsol1n","entrypoint":"."},"text":"","id":"1754724942703710863664400000","date":1754724942703,"serial":"1754724942703710863664400000"}}
,
{"type":"stdout","created":1754724942707,"payload":{"deploymentId":"dpl_cx7Lpv5QiH23MaA12TXDwM3pHdW8","info":{"type":"build","name":"bld_k3mnsol1n","entrypoint":"."},"text":"49 packages are looking for funding","id":"1754724942707710863664400000","date":1754724942707,"serial":"1754724942707710863664400000"}}
,
{"type":"stdout","created":1754724942707,"payload":{"deploymentId":"dpl_cx7Lpv5QiH23MaA12TXDwM3pHdW8","info":{"type":"build","name":"bld_k3mnsol1n","entrypoint":"."},"text":"  run `npm fund` for details","id":"1754724942707710863664400001","date":1754724942707,"serial":"1754724942707710863664400001"}}
,
{"type":"stdout","created":1754724942812,"payload":{"deploymentId":"dpl_cx7Lpv5QiH23MaA12TXDwM3pHdW8","info":{"type":"build","name":"bld_k3mnsol1n","entrypoint":"."},"text":"","id":"1754724942812710863664400000","date":1754724942812,"serial":"1754724942812710863664400000"}}
,
{"type":"stdout","created":1754724942812,"payload":{"deploymentId":"dpl_cx7Lpv5QiH23MaA12TXDwM3pHdW8","info":{"type":"build","name":"bld_k3mnsol1n","entrypoint":"."},"text":"8 vulnerabilities (2 moderate, 2 high, 4 critical)","id":"1754724942812710863664400001","date":1754724942812,"serial":"1754724942812710863664400001"}}
,
{"type":"stdout","created":1754724942812,"payload":{"deploymentId":"dpl_cx7Lpv5QiH23MaA12TXDwM3pHdW8","info":{"type":"build","name":"bld_k3mnsol1n","entrypoint":"."},"text":"","id":"1754724942812710863664400002","date":1754724942812,"serial":"1754724942812710863664400002"}}
,
{"type":"stdout","created":1754724942812,"payload":{"deploymentId":"dpl_cx7Lpv5QiH23MaA12TXDwM3pHdW8","info":{"type":"build","name":"bld_k3mnsol1n","entrypoint":"."},"text":"To address all issues (including breaking changes), run:","id":"1754724942812710863664400003","date":1754724942812,"serial":"1754724942812710863664400003"}}
,
{"type":"stdout","created":1754724942813,"payload":{"deploymentId":"dpl_cx7Lpv5QiH23MaA12TXDwM3pHdW8","info":{"type":"build","name":"bld_k3mnsol1n","entrypoint":"."},"text":"  npm audit fix --force","id":"1754724942813710863664400000","date":1754724942813,"serial":"1754724942813710863664400000"}}
,
{"type":"stdout","created":1754724942813,"payload":{"deploymentId":"dpl_cx7Lpv5QiH23MaA12TXDwM3pHdW8","info":{"type":"build","name":"bld_k3mnsol1n","entrypoint":"."},"text":"","id":"1754724942813710863664400001","date":1754724942813,"serial":"1754724942813710863664400001"}}
,
{"type":"stdout","created":1754724942813,"payload":{"deploymentId":"dpl_cx7Lpv5QiH23MaA12TXDwM3pHdW8","info":{"type":"build","name":"bld_k3mnsol1n","entrypoint":"."},"text":"Run `npm audit` for details.","id":"1754724942813710863664400002","date":1754724942813,"serial":"1754724942813710863664400002"}}
,
{"type":"stdout","created":1754724942826,"payload":{"deploymentId":"dpl_cx7Lpv5QiH23MaA12TXDwM3pHdW8","info":{"type":"build","name":"bld_k3mnsol1n","entrypoint":"."},"text":"Detected Next.js version: 10.2.3","id":"1754724942826710863664400000","date":1754724942826,"serial":"1754724942826710863664400000"}}
,
{"type":"stdout","created":1754724942827,"payload":{"deploymentId":"dpl_cx7Lpv5QiH23MaA12TXDwM3pHdW8","info":{"type":"build","name":"bld_k3mnsol1n","entrypoint":"."},"text":"Running \"npm run build\"","id":"1754724942827710863664400000","date":1754724942827,"serial":"1754724942827710863664400000"}}
,
{"type":"stdout","created":1754724942953,"payload":{"deploymentId":"dpl_cx7Lpv5QiH23MaA12TXDwM3pHdW8","info":{"type":"build","name":"bld_k3mnsol1n","entrypoint":"."},"text":"","id":"1754724942953710863664400000","date":1754724942953,"serial":"1754724942953710863664400000"}}
,
{"type":"stdout","created":1754724942956,"payload":{"deploymentId":"dpl_cx7Lpv5QiH23MaA12TXDwM3pHdW8","info":{"type":"build","name":"bld_k3mnsol1n","entrypoint":"."},"text":"> build","id":"1754724942956710863664400000","date":1754724942956,"serial":"1754724942956710863664400000"}}
,
{"type":"stdout","created":1754724942957,"payload":{"deploymentId":"dpl_cx7Lpv5QiH23MaA12TXDwM3pHdW8","info":{"type":"build","name":"bld_k3mnsol1n","entrypoint":"."},"text":"> NODE_OPTIONS=--openssl-legacy-provider next build","id":"1754724942957710863664400000","date":1754724942957,"serial":"1754724942957710863664400000"}}
,
{"type":"stdout","created":1754724942957,"payload":{"deploymentId":"dpl_cx7Lpv5QiH23MaA12TXDwM3pHdW8","info":{"type":"build","name":"bld_k3mnsol1n","entrypoint":"."},"text":"","id":"1754724942957710863664400001","date":1754724942957,"serial":"1754724942957710863664400001"}}
,
{"type":"stdout","created":1754724943518,"payload":{"deploymentId":"dpl_cx7Lpv5QiH23MaA12TXDwM3pHdW8","info":{"type":"build","name":"bld_k3mnsol1n","entrypoint":"."},"text":"info  - Using webpack 5. Reason: no custom webpack configuration in next.config.js https://nextjs.org/docs/messages/webpack5","id":"1754724943518710863664400000","date":1754724943518,"serial":"1754724943518710863664400000"}}
,
{"type":"stdout","created":1754724943679,"payload":{"deploymentId":"dpl_cx7Lpv5QiH23MaA12TXDwM3pHdW8","info":{"type":"build","name":"bld_k3mnsol1n","entrypoint":"."},"text":"info  - Checking validity of types...","id":"1754724943679710863664400000","date":1754724943679,"serial":"1754724943679710863664400000"}}
,
{"type":"stdout","created":1754724943686,"payload":{"deploymentId":"dpl_cx7Lpv5QiH23MaA12TXDwM3pHdW8","info":{"type":"build","name":"bld_k3mnsol1n","entrypoint":"."},"text":"info  - Creating an optimized production build...","id":"1754724943686710863664400000","date":1754724943686,"serial":"1754724943686710863664400000"}}
,
{"type":"stdout","created":1754724945464,"payload":{"deploymentId":"dpl_cx7Lpv5QiH23MaA12TXDwM3pHdW8","info":{"type":"build","name":"bld_k3mnsol1n","entrypoint":"."},"text":"info  - Compiled successfully","id":"1754724945464710863664400000","date":1754724945464,"serial":"1754724945464710863664400000"}}
,
{"type":"stdout","created":1754724945465,"payload":{"deploymentId":"dpl_cx7Lpv5QiH23MaA12TXDwM3pHdW8","info":{"type":"build","name":"bld_k3mnsol1n","entrypoint":"."},"text":"info  - Collecting page data...","id":"1754724945465710863664400000","date":1754724945465,"serial":"1754724945465710863664400000"}}
,
{"type":"stdout","created":1754724945682,"payload":{"deploymentId":"dpl_cx7Lpv5QiH23MaA12TXDwM3pHdW8","info":{"type":"build","name":"bld_k3mnsol1n","entrypoint":"."},"text":"info  - Generating static pages (0/3)","id":"1754724945682710863664400000","date":1754724945682,"serial":"1754724945682710863664400000"}}
,
{"type":"stdout","created":1754724945860,"payload":{"deploymentId":"dpl_cx7Lpv5QiH23MaA12TXDwM3pHdW8","info":{"type":"build","name":"bld_k3mnsol1n","entrypoint":"."},"text":"info  - Generating static pages (3/3)","id":"1754724945860710863664400000","date":1754724945860,"serial":"1754724945860710863664400000"}}
,
{"type":"stdout","created":1754724945861,"payload":{"deploymentId":"dpl_cx7Lpv5QiH23MaA12TXDwM3pHdW8","info":{"type":"build","name":"bld_k3mnsol1n","entrypoint":"."},"text":"info  - Finalizing page optimization...","id":"1754724945861710863664400000","date":1754724945861,"serial":"1754724945861710863664400000"}}
,
{"type":"stdout","created":1754724945864,"payload":{"deploymentId":"dpl_cx7Lpv5QiH23MaA12TXDwM3pHdW8","info":{"type":"build","name":"bld_k3mnsol1n","entrypoint":"."},"text":"","id":"1754724945864710863664400000","date":1754724945864,"serial":"1754724945864710863664400000"}}
,
{"type":"stdout","created":1754724945880,"payload":{"deploymentId":"dpl_cx7Lpv5QiH23MaA12TXDwM3pHdW8","info":{"type":"build","name":"bld_k3mnsol1n","entrypoint":"."},"text":"Page                             Size     First Load JS","id":"1754724945880710863664400000","date":1754724945880,"serial":"1754724945880710863664400000"}}
,
{"type":"stdout","created":1754724945881,"payload":{"deploymentId":"dpl_cx7Lpv5QiH23MaA12TXDwM3pHdW8","info":{"type":"build","name":"bld_k3mnsol1n","entrypoint":"."},"text":"┌ λ /                            2.13 kB        65.7 kB","id":"1754724945881710863664400000","date":1754724945881,"serial":"1754724945881710863664400000"}}
,
{"type":"stdout","created":1754724945881,"payload":{"deploymentId":"dpl_cx7Lpv5QiH23MaA12TXDwM3pHdW8","info":{"type":"build","name":"bld_k3mnsol1n","entrypoint":"."},"text":"├ ○ /404                         3.06 kB        66.7 kB","id":"1754724945881710863664400001","date":1754724945881,"serial":"1754724945881710863664400001"}}
,
{"type":"stdout","created":1754724945881,"payload":{"deploymentId":"dpl_cx7Lpv5QiH23MaA12TXDwM3pHdW8","info":{"type":"build","name":"bld_k3mnsol1n","entrypoint":"."},"text":"├ ○ /admin                       21.9 kB        85.5 kB","id":"1754724945881710863664400002","date":1754724945881,"serial":"1754724945881710863664400002"}}
,
{"type":"stdout","created":1754724945881,"payload":{"deploymentId":"dpl_cx7Lpv5QiH23MaA12TXDwM3pHdW8","info":{"type":"build","name":"bld_k3mnsol1n","entrypoint":"."},"text":"└ λ /api/products                0 B            63.6 kB","id":"1754724945881710863664400003","date":1754724945881,"serial":"1754724945881710863664400003"}}
,
{"type":"stdout","created":1754724945881,"payload":{"deploymentId":"dpl_cx7Lpv5QiH23MaA12TXDwM3pHdW8","info":{"type":"build","name":"bld_k3mnsol1n","entrypoint":"."},"text":"+ First Load JS shared by all    63.6 kB","id":"1754724945881710863664400004","date":1754724945881,"serial":"1754724945881710863664400004"}}
,
{"type":"stdout","created":1754724945881,"payload":{"deploymentId":"dpl_cx7Lpv5QiH23MaA12TXDwM3pHdW8","info":{"type":"build","name":"bld_k3mnsol1n","entrypoint":"."},"text":"  ├ chunks/framework.64eb71.js   42.1 kB","id":"1754724945881710863664400005","date":1754724945881,"serial":"1754724945881710863664400005"}}
,
{"type":"stdout","created":1754724945881,"payload":{"deploymentId":"dpl_cx7Lpv5QiH23MaA12TXDwM3pHdW8","info":{"type":"build","name":"bld_k3mnsol1n","entrypoint":"."},"text":"  ├ chunks/main.fc3edc.js        19.5 kB","id":"1754724945881710863664400006","date":1754724945881,"serial":"1754724945881710863664400006"}}
,
{"type":"stdout","created":1754724945882,"payload":{"deploymentId":"dpl_cx7Lpv5QiH23MaA12TXDwM3pHdW8","info":{"type":"build","name":"bld_k3mnsol1n","entrypoint":"."},"text":"  ├ chunks/pages/_app.587c4e.js  1.02 kB","id":"1754724945882710863664400000","date":1754724945882,"serial":"1754724945882710863664400000"}}
,
{"type":"stdout","created":1754724945882,"payload":{"deploymentId":"dpl_cx7Lpv5QiH23MaA12TXDwM3pHdW8","info":{"type":"build","name":"bld_k3mnsol1n","entrypoint":"."},"text":"  └ chunks/webpack.189c53.js     1 kB","id":"1754724945882710863664400001","date":1754724945882,"serial":"1754724945882710863664400001"}}
,
{"type":"stdout","created":1754724945882,"payload":{"deploymentId":"dpl_cx7Lpv5QiH23MaA12TXDwM3pHdW8","info":{"type":"build","name":"bld_k3mnsol1n","entrypoint":"."},"text":"","id":"1754724945882710863664400002","date":1754724945882,"serial":"1754724945882710863664400002"}}
,
{"type":"stdout","created":1754724945882,"payload":{"deploymentId":"dpl_cx7Lpv5QiH23MaA12TXDwM3pHdW8","info":{"type":"build","name":"bld_k3mnsol1n","entrypoint":"."},"text":"λ  (Server)  server-side renders at runtime (uses getInitialProps or getServerSideProps)","id":"1754724945882710863664400003","date":1754724945882,"serial":"1754724945882710863664400003"}}
,
{"type":"stdout","created":1754724945882,"payload":{"deploymentId":"dpl_cx7Lpv5QiH23MaA12TXDwM3pHdW8","info":{"type":"build","name":"bld_k3mnsol1n","entrypoint":"."},"text":"○  (Static)  automatically rendered as static HTML (uses no initial props)","id":"1754724945882710863664400004","date":1754724945882,"serial":"1754724945882710863664400004"}}
,
{"type":"stdout","created":1754724945882,"payload":{"deploymentId":"dpl_cx7Lpv5QiH23MaA12TXDwM3pHdW8","info":{"type":"build","name":"bld_k3mnsol1n","entrypoint":"."},"text":"●  (SSG)     automatically generated as static HTML + JSON (uses getStaticProps)","id":"1754724945882710863664400005","date":1754724945882,"serial":"1754724945882710863664400005"}}
,
{"type":"stdout","created":1754724945883,"payload":{"deploymentId":"dpl_cx7Lpv5QiH23MaA12TXDwM3pHdW8","info":{"type":"build","name":"bld_k3mnsol1n","entrypoint":"."},"text":"   (ISR)     incremental static regeneration (uses revalidate in getStaticProps)","id":"1754724945883710863664400000","date":1754724945883,"serial":"1754724945883710863664400000"}}
,
{"type":"stdout","created":1754724945883,"payload":{"deploymentId":"dpl_cx7Lpv5QiH23MaA12TXDwM3pHdW8","info":{"type":"build","name":"bld_k3mnsol1n","entrypoint":"."},"text":"","id":"1754724945883710863664400001","date":1754724945883,"serial":"1754724945883710863664400001"}}
,
{"type":"stdout","created":1754724955180,"payload":{"deploymentId":"dpl_cx7Lpv5QiH23MaA12TXDwM3pHdW8","info":{"type":"build","name":"bld_k3mnsol1n","entrypoint":"."},"text":"Tracing initial Next.js server files due to missing build trace: 9.148s","id":"1754724955180710863664400000","date":1754724955180,"serial":"1754724955180710863664400000"}}
,
{"type":"stdout","created":1754724955757,"payload":{"deploymentId":"dpl_cx7Lpv5QiH23MaA12TXDwM3pHdW8","info":{"type":"build","name":"bld_k3mnsol1n","entrypoint":"."},"text":"Traced Next.js server files in: 9.725s","id":"1754724955757710863664400000","date":1754724955757,"serial":"1754724955757710863664400000"}}
,
{"type":"stdout","created":1754724956559,"payload":{"deploymentId":"dpl_cx7Lpv5QiH23MaA12TXDwM3pHdW8","info":{"type":"build","name":"bld_k3mnsol1n","entrypoint":"."},"text":"Tracing entries due to missing build traces:","id":"1754724956559710863664400000","date":1754724956559,"serial":"1754724956559710863664400000"}}
,
{"type":"stdout","created":1754724956559,"payload":{"deploymentId":"dpl_cx7Lpv5QiH23MaA12TXDwM3pHdW8","info":{"type":"build","name":"bld_k3mnsol1n","entrypoint":"."},"text":"[","id":"1754724956559710863664400001","date":1754724956559,"serial":"1754724956559710863664400001"}}
,
{"type":"stdout","created":1754724956560,"payload":{"deploymentId":"dpl_cx7Lpv5QiH23MaA12TXDwM3pHdW8","info":{"type":"build","name":"bld_k3mnsol1n","entrypoint":"."},"text":"  \"/vercel/path0/.next/server/pages/index.js\",","id":"1754724956560710863664400000","date":1754724956560,"serial":"1754724956560710863664400000"}}
,
{"type":"stdout","created":1754724956561,"payload":{"deploymentId":"dpl_cx7Lpv5QiH23MaA12TXDwM3pHdW8","info":{"type":"build","name":"bld_k3mnsol1n","entrypoint":"."},"text":"  \"/vercel/path0/.next/server/pages/api/products.js\",","id":"1754724956561710863664400000","date":1754724956561,"serial":"1754724956561710863664400000"}}
,
{"type":"stdout","created":1754724956561,"payload":{"deploymentId":"dpl_cx7Lpv5QiH23MaA12TXDwM3pHdW8","info":{"type":"build","name":"bld_k3mnsol1n","entrypoint":"."},"text":"  \"/vercel/path0/.next/server/pages/_app.js\",","id":"1754724956561710863664400001","date":1754724956561,"serial":"1754724956561710863664400001"}}
,
{"type":"stdout","created":1754724956561,"payload":{"deploymentId":"dpl_cx7Lpv5QiH23MaA12TXDwM3pHdW8","info":{"type":"build","name":"bld_k3mnsol1n","entrypoint":"."},"text":"  \"/vercel/path0/.next/server/pages/_error.js\",","id":"1754724956561710863664400002","date":1754724956561,"serial":"1754724956561710863664400002"}}
,
{"type":"stdout","created":1754724956561,"payload":{"deploymentId":"dpl_cx7Lpv5QiH23MaA12TXDwM3pHdW8","info":{"type":"build","name":"bld_k3mnsol1n","entrypoint":"."},"text":"  \"/vercel/path0/.next/server/pages/_document.js\"","id":"1754724956561710863664400003","date":1754724956561,"serial":"1754724956561710863664400003"}}
,
{"type":"stdout","created":1754724956561,"payload":{"deploymentId":"dpl_cx7Lpv5QiH23MaA12TXDwM3pHdW8","info":{"type":"build","name":"bld_k3mnsol1n","entrypoint":"."},"text":"]: 218.709ms","id":"1754724956561710863664400004","date":1754724956561,"serial":"1754724956561710863664400004"}}
,
{"type":"stdout","created":1754724956585,"payload":{"deploymentId":"dpl_cx7Lpv5QiH23MaA12TXDwM3pHdW8","info":{"type":"build","name":"bld_k3mnsol1n","entrypoint":"."},"text":"Created all serverless functions in: 827.076ms","id":"1754724956585710863664400000","date":1754724956585,"serial":"1754724956585710863664400000"}}
,
{"type":"stdout","created":1754724956589,"payload":{"deploymentId":"dpl_cx7Lpv5QiH23MaA12TXDwM3pHdW8","info":{"type":"build","name":"bld_k3mnsol1n","entrypoint":"."},"text":"Collected static files (public/, static/, .next/static): 1.988ms","id":"1754724956589710863664400000","date":1754724956589,"serial":"1754724956589710863664400000"}}
,
{"type":"stderr","created":1754724956633,"payload":{"deploymentId":"dpl_cx7Lpv5QiH23MaA12TXDwM3pHdW8","info":{"type":"build","name":"bld_k3mnsol1n","entrypoint":"."},"text":"Build Completed in /vercel/output [18s]","id":"1754724956633710863664400000","date":1754724956633,"serial":"1754724956633710863664400000"}}
,
{"type":"stdout","created":1754724956859,"payload":{"deploymentId":"dpl_cx7Lpv5QiH23MaA12TXDwM3pHdW8","info":{"type":"build","name":"bld_k3mnsol1n","entrypoint":"."},"text":"Deploying outputs...","id":"1754724956859710863664400000","date":1754724956859,"serial":"1754724956859710863664400000"}}
,
{"type":"stdout","created":1754724965588,"payload":{"deploymentId":"dpl_cx7Lpv5QiH23MaA12TXDwM3pHdW8","info":{"type":"build","name":"bld_k3mnsol1n","entrypoint":"."},"text":"Deployment completed","id":"1754724965588710863664400000","date":1754724965588,"serial":"1754724965588710863664400000"}}
,
{"type":"stdout","created":1754724966457,"payload":{"deploymentId":"dpl_cx7Lpv5QiH23MaA12TXDwM3pHdW8","info":{"type":"build","name":"bld_k3mnsol1n","entrypoint":"."},"text":"Creating build cache...","id":"1754724966457710863664400001","date":1754724966457,"serial":"1754724966457710863664400001"}}
,
{"type":"stdout","created":1754724968280,"payload":{"deploymentId":"dpl_cx7Lpv5QiH23MaA12TXDwM3pHdW8","info":{"type":"build","name":"bld_k3mnsol1n","entrypoint":"."},"text":"Created build cache: 1.818s","id":"1754724968280710863664400003","date":1754724968280,"serial":"1754724968280710863664400003"}}
,
{"type":"stdout","created":1754724968281,"payload":{"deploymentId":"dpl_cx7Lpv5QiH23MaA12TXDwM3pHdW8","info":{"type":"build","name":"bld_k3mnsol1n","entrypoint":"."},"text":"Uploading build cache [13.43 MB]","id":"1754724968281710863664400002","date":1754724968281,"serial":"1754724968281710863664400002"}}
,
{"type":"stdout","created":1754724968571,"payload":{"deploymentId":"dpl_cx7Lpv5QiH23MaA12TXDwM3pHdW8","info":{"type":"build","name":"bld_k3mnsol1n","entrypoint":"."},"text":"Build cache uploaded: 295.471ms","id":"1754724968571710863664400000","date":1754724968571,"serial":"1754724968571710863664400000"}}
]
